mode: set
backend-golang/2/controllers/movie.go:17.52,23.16 4 1
backend-golang/2/controllers/movie.go:27.2,27.19 1 1
backend-golang/2/controllers/movie.go:32.2,35.16 3 1
backend-golang/2/controllers/movie.go:40.2,43.16 3 1
backend-golang/2/controllers/movie.go:48.5,50.19 3 1
backend-golang/2/controllers/movie.go:55.2,56.16 2 1
backend-golang/2/controllers/movie.go:61.2,63.19 3 1
backend-golang/2/controllers/movie.go:68.2,68.31 1 1
backend-golang/2/controllers/movie.go:73.2,74.47 2 1
backend-golang/2/controllers/movie.go:23.16,25.3 1 1
backend-golang/2/controllers/movie.go:27.19,30.3 2 1
backend-golang/2/controllers/movie.go:35.16,38.3 2 1
backend-golang/2/controllers/movie.go:43.16,46.6 2 0
backend-golang/2/controllers/movie.go:50.19,53.6 2 0
backend-golang/2/controllers/movie.go:56.16,59.3 2 0
backend-golang/2/controllers/movie.go:63.19,66.6 2 0
backend-golang/2/controllers/movie.go:68.31,71.3 2 1
backend-golang/2/controllers/movie.go:77.42,85.16 5 1
backend-golang/2/controllers/movie.go:90.5,92.19 3 1
backend-golang/2/controllers/movie.go:97.2,98.16 2 1
backend-golang/2/controllers/movie.go:103.2,105.19 3 1
backend-golang/2/controllers/movie.go:113.2,114.40 2 1
backend-golang/2/controllers/movie.go:85.16,88.6 2 0
backend-golang/2/controllers/movie.go:92.19,95.6 2 0
backend-golang/2/controllers/movie.go:98.16,101.3 2 0
backend-golang/2/controllers/movie.go:105.19,108.6 2 0
backend-golang/2/controllers/movie.go:108.11,108.44 1 1
backend-golang/2/controllers/movie.go:108.44,111.3 2 1
